{
  "RSpec": {
    "coverage": {
      "/home/alex/todo_list/spec/models/comment_spec.rb": [
        null,
        null,
        1,
        1,
        2,
        2,
        null,
        null,
        1,
        2,
        null,
        null,
        1,
        2,
        null,
        null,
        1,
        1,
        1,
        null,
        1,
        null,
        null,
        null
      ],
      "/home/alex/todo_list/app/models/comment.rb": [
        null,
        null,
        1,
        1,
        1,
        null,
        1,
        1,
        null,
        null
      ],
      "/home/alex/todo_list/app/models/task.rb": [
        null,
        null,
        1,
        1,
        1,
        null,
        1,
        null,
        1,
        1,
        1,
        null
      ],
      "/home/alex/todo_list/spec/models/project_spec.rb": [
        null,
        null,
        1,
        1,
        2,
        2,
        null,
        null,
        1,
        2,
        2,
        null,
        null,
        1,
        3,
        2,
        2,
        null,
        null
      ],
      "/home/alex/todo_list/app/models/project.rb": [
        null,
        null,
        1,
        1,
        14,
        null,
        1,
        null,
        1,
        null
      ],
      "/home/alex/todo_list/spec/models/task_spec.rb": [
        null,
        null,
        1,
        1,
        2,
        2,
        2,
        2,
        2,
        2,
        null,
        null,
        1,
        2,
        2,
        null,
        null,
        1,
        2,
        2,
        null,
        null
      ],
      "/home/alex/todo_list/spec/requests/api/v1/comments_spec.rb": [
        null,
        null,
        1,
        4,
        4,
        4,
        4,
        4,
        2,
        1,
        null,
        1,
        1,
        1,
        null,
        1,
        1,
        null,
        null,
        null,
        1,
        1,
        1,
        null,
        1,
        1,
        null,
        null,
        null,
        1,
        1,
        1,
        null,
        1,
        null,
        null,
        null
      ],
      "/home/alex/todo_list/spec/requests/api/v1/projects_spec.rb": [
        null,
        null,
        1,
        7,
        6,
        7,
        3,
        1,
        null,
        1,
        1,
        1,
        null,
        1,
        1,
        null,
        null,
        1,
        1,
        null,
        1,
        null,
        null,
        null,
        1,
        1,
        1,
        null,
        1,
        1,
        null,
        null,
        null,
        1,
        1,
        1,
        null,
        1,
        1,
        null,
        null,
        null,
        1,
        1,
        1,
        null,
        1,
        1,
        null,
        null,
        null,
        1,
        1,
        1,
        null,
        1,
        null,
        null,
        null
      ],
      "/home/alex/todo_list/spec/requests/api/v1/tasks_spec.rb": [
        null,
        null,
        1,
        8,
        8,
        8,
        8,
        3,
        1,
        null,
        1,
        1,
        1,
        null,
        1,
        1,
        null,
        null,
        null,
        1,
        1,
        1,
        null,
        1,
        1,
        null,
        null,
        null,
        1,
        1,
        1,
        null,
        1,
        1,
        null,
        null,
        null,
        1,
        1,
        1,
        null,
        1,
        1,
        null,
        null,
        null,
        1,
        1,
        1,
        null,
        1,
        null,
        null,
        null,
        1,
        1,
        1,
        null,
        1,
        1,
        null,
        null,
        null,
        1,
        1,
        1,
        null,
        1,
        1,
        null,
        null,
        null
      ],
      "/home/alex/todo_list/app/controllers/api/v1/comments_controller.rb": [
        null,
        null,
        1,
        1,
        1,
        1,
        1,
        null,
        1,
        1,
        1,
        1,
        1,
        null,
        null,
        1,
        1,
        1,
        1,
        1,
        1,
        null,
        null,
        null,
        null,
        1,
        1,
        1,
        1,
        null,
        null,
        1,
        1,
        1,
        1,
        1,
        1,
        null,
        0,
        null,
        null,
        null,
        1,
        1,
        1,
        1,
        1,
        null,
        null,
        1,
        null,
        1,
        2,
        2,
        null,
        null,
        null
      ],
      "/home/alex/todo_list/app/controllers/application_controller.rb": [
        null,
        null,
        1,
        1,
        null
      ],
      "/home/alex/todo_list/app/models/ability.rb": [
        null,
        null,
        1,
        1,
        null,
        1,
        15,
        null,
        15,
        null,
        15,
        15,
        15,
        null,
        null
      ],
      "/home/alex/todo_list/app/serializers/comment_serializer.rb": [
        null,
        null,
        1,
        1,
        1,
        null,
        1,
        2,
        null,
        null,
        3,
        null
      ],
      "/home/alex/todo_list/app/serializers/task_serializer.rb": [
        null,
        null,
        1,
        1,
        1,
        1,
        null,
        7,
        null
      ],
      "/home/alex/todo_list/app/controllers/api/v1/projects_controller.rb": [
        null,
        null,
        1,
        1,
        1,
        null,
        1,
        1,
        1,
        1,
        1,
        null,
        null,
        1,
        2,
        2,
        2,
        null,
        null,
        null,
        null,
        1,
        1,
        1,
        null,
        null,
        1,
        1,
        1,
        1,
        null,
        null,
        1,
        1,
        1,
        1,
        1,
        1,
        null,
        0,
        null,
        null,
        null,
        1,
        1,
        1,
        1,
        1,
        null,
        0,
        null,
        null,
        null,
        1,
        1,
        1,
        1,
        1,
        null,
        null,
        1,
        null,
        1,
        5,
        null,
        null
      ],
      "/home/alex/todo_list/app/serializers/project_serializer.rb": [
        null,
        null,
        1,
        1,
        1,
        1,
        null,
        5,
        null
      ],
      "/home/alex/todo_list/app/serializers/user_serializer.rb": [
        null,
        null,
        1,
        1,
        null
      ],
      "/home/alex/todo_list/app/controllers/api/v1/tasks_controller.rb": [
        null,
        null,
        1,
        1,
        1,
        1,
        1,
        null,
        1,
        1,
        1,
        1,
        1,
        null,
        null,
        1,
        2,
        2,
        2,
        2,
        2,
        null,
        null,
        null,
        null,
        1,
        1,
        1,
        1,
        1,
        null,
        null,
        null,
        null,
        1,
        1,
        1,
        1,
        1,
        null,
        null,
        null,
        null,
        1,
        1,
        1,
        1,
        null,
        null,
        1,
        1,
        1,
        1,
        null,
        null,
        1,
        1,
        1,
        1,
        1,
        1,
        1,
        null,
        0,
        null,
        null,
        null,
        1,
        1,
        1,
        1,
        1,
        null,
        0,
        null,
        null,
        null,
        1,
        1,
        1,
        1,
        1,
        null,
        null,
        1,
        1,
        1,
        1,
        1,
        null,
        0,
        null,
        null,
        null,
        1,
        1,
        1,
        1,
        1,
        null,
        0,
        null,
        null,
        null,
        1,
        null,
        1,
        3,
        3,
        3,
        null,
        null,
        null,
        1,
        1,
        null,
        null,
        1,
        1,
        null,
        null
      ]
    },
    "timestamp": 1549916722
  }
}
